Removed Pin From Net: NetName=PB4 Pin=C27-5
Removed Pin From Net: NetName=PB5 Pin=C27-7
Removed Pin From Net: NetName=PB7 Pin=C27-8
Removed Pin From Net: NetName=NSS Pin=STM32-11
Removed Pin From Net: NetName=Sen_adc Pin=STM32-13
Removed Pin From Net: NetName=SCK Pin=STM32-15
Removed Pin From Net: NetName=MISO Pin=STM32-16
Removed Pin From Net: NetName=MOSI Pin=STM32-17
Removed Pin From Net: NetName=Rst_lora Pin=STM32-18
Removed Pin From Net: NetName=PB3 Pin=STM32-39
Removed Pin From Net: NetName=PB4 Pin=STM32-40
Removed Pin From Net: NetName=PB5 Pin=STM32-41
Removed Pin From Net: NetName=PB6 Pin=STM32-42
Removed Pin From Net: NetName=PB7 Pin=STM32-43
Added Pin To Net: NetName=PB7 Pin=C27-5
Added Pin To Net: NetName=PB4 Pin=C27-7
Added Pin To Net: NetName=PB5 Pin=C27-8
Added Pin To Net: NetName=Sen_adc Pin=STM32-11
Added Pin To Net: NetName=PB3 Pin=STM32-13
Added Pin To Net: NetName=PB7 Pin=STM32-15
Added Pin To Net: NetName=PB6 Pin=STM32-16
Added Pin To Net: NetName=PB5 Pin=STM32-17
Added Pin To Net: NetName=PB4 Pin=STM32-18
Added Pin To Net: NetName=NSS Pin=STM32-38
Added Pin To Net: NetName=SCK Pin=STM32-39
Added Pin To Net: NetName=MISO Pin=STM32-40
Added Pin To Net: NetName=MOSI Pin=STM32-41
Added Pin To Net: NetName=Rst_lora Pin=STM32-42
Change Net Name : Old Net Name=PA2 New Net Name=UART2_TX
Change Net Name : Old Net Name=PB3 New Net Name=UART2_RX
Change Net Name : Old Net Name=PB4 New Net Name=PB0
Change Net Name : Old Net Name=PB5 New Net Name=PA7
Change Net Name : Old Net Name=PB6 New Net Name=PA6
Change Net Name : Old Net Name=PB7 New Net Name=PA5
Added Room: Name=Power
Added Room: Name=STM32
