Removed Pin From Net: NetName=11.1V Pin=J1-1
Removed Pin From Net: NetName=NetBAT1_2 Pin=J1-COM
Removed Pin From Net: NetName=5V Pin=J2-1
Added Component: Designator=D1(DIOM7959X265N)
Add component. Clean all parameters for all variants
Add component (AddParameter): Name = "Code - JEDEC"; Value = "DO-214-AB"; VariantName = "[No Variations]"
Add component (AddParameter): Name = "Published"; Value = "8-Jun-2000"; VariantName = "[No Variations]"
Add component (AddParameter): Name = "Publisher"; Value = "Altium Limited"; VariantName = "[No Variations]"
Add component (AddParameter): Name = "Revision"; Value = "July-2002: Re-released for DXP Platform."; VariantName = "[No Variations]"
Add component (AddParameter): Name = "Value"; Value = "1N5007"; VariantName = "[No Variations]"
Added Component: Designator=D2(DIOM7959X265N)
Add component. Clean all parameters for all variants
Add component (AddParameter): Name = "Code - JEDEC"; Value = "DO-214-AB"; VariantName = "[No Variations]"
Add component (AddParameter): Name = "Published"; Value = "8-Jun-2000"; VariantName = "[No Variations]"
Add component (AddParameter): Name = "Publisher"; Value = "Altium Limited"; VariantName = "[No Variations]"
Add component (AddParameter): Name = "Revision"; Value = "July-2002: Re-released for DXP Platform."; VariantName = "[No Variations]"
Add component (AddParameter): Name = "Value"; Value = "1N5007"; VariantName = "[No Variations]"
Added Component: Designator=JDC(DC-IN)
Add component. Clean all parameters for all variants
Add component (AddParameter): Name = "Value"; Value = "Jac DC"; VariantName = "[No Variations]"
Added Pin To Net: NetName=NetBAT1_2 Pin=J2-1
Added Pin To Net: NetName=GND Pin=JDC-2
Added Pin To Net: NetName=GND Pin=JDC-3
Change Net Name : Old Net Name=NetBAT1_2 New Net Name=NetD1_1
Added Pin To Net: NetName=NetD2_1 Pin=J1-1
Added Net: Name=NetD2_1
Added Pin To Net: NetName=NetJ1_COM Pin=J1-COM
Added Pin To Net: NetName=NetJ1_COM Pin=JDC-1
Added Net: Name=NetJ1_COM
Added Member To Class: ClassName=STM32 Member=Component C1 100nF
Added Member To Class: ClassName=Power Member=Component C2 100nF
Added Member To Class: ClassName=Power Member=Component C3 100nF
Added Member To Class: ClassName=Power Member=Component C4 10uF
Added Member To Class: ClassName=STM32 Member=Component C5 10pF
Added Member To Class: ClassName=STM32 Member=Component C6 10pF
Added Member To Class: ClassName=STM32 Member=Component C7 22pF
Added Member To Class: ClassName=STM32 Member=Component C8 22pF
Added Member To Class: ClassName=STM32 Member=Component C9 100nF
Added Member To Class: ClassName=STM32 Member=Component C10 100nF
Added Member To Class: ClassName=STM32 Member=Component C11 100nF
Added Member To Class: ClassName=STM32 Member=Component C12 100nF
Added Member To Class: ClassName=STM32 Member=Component C13 100nF
Added Member To Class: ClassName=STM32 Member=Component C14 100nF
Added Member To Class: ClassName=Power Member=Component C16 100nF
Added Member To Class: ClassName=Power Member=Component C17 10uF
Added Member To Class: ClassName=Power Member=Component C18 100nF
Added Member To Class: ClassName=STM32 Member=Component C19 JP4
Added Member To Class: ClassName=STM32 Member=Component C20 Header3
Added Member To Class: ClassName=STM32 Member=Component C21 10uF
Added Member To Class: ClassName=Power Member=Component C22 100nF
Added Member To Class: ClassName=STM32 Member=Component C23 104
Added Member To Class: ClassName=STM32 Member=Component C24 104
Added Member To Class: ClassName=Power Member=Component C25 100nF
Added Member To Class: ClassName=STM32 Member=Component C26 Header5
Added Member To Class: ClassName=STM32 Member=Component C27 JP5x2
Added Member To Class: ClassName=STM32 Member=Component D1 Diode
Added Member To Class: ClassName=Power Member=Component D2 Diode
Added Member To Class: ClassName=STM32 Member=Component IC1 MAX485
Added Member To Class: ClassName=Power Member=Component J1 SK12D07VG4
Added Member To Class: ClassName=STM32 Member=Component J2 USB-5
Added Member To Class: ClassName=Power Member=Component JDC Jac DC
Added Member To Class: ClassName=Power Member=Component LED1 LED
Added Member To Class: ClassName=STM32 Member=Component LED3 LED
Added Member To Class: ClassName=STM32 Member=Component M1 SI2304/LN2302LT1G
Added Member To Class: ClassName=Power Member=Component Power2 AMS1117-5V
Added Member To Class: ClassName=STM32 Member=Component R1 20k
Added Member To Class: ClassName=STM32 Member=Component R2 1k
Added Member To Class: ClassName=STM32 Member=Component R3 10k
Added Member To Class: ClassName=STM32 Member=Component R4 10k
Added Member To Class: ClassName=STM32 Member=Component R5 120
Added Member To Class: ClassName=STM32 Member=Component R6 10k
Added Member To Class: ClassName=STM32 Member=Component R7 20k
Added Member To Class: ClassName=Power Member=Component R8 1k
Added Member To Class: ClassName=STM32 Member=Component R9 10k
Added Member To Class: ClassName=STM32 Member=Component R10 31k
Added Member To Class: ClassName=STM32 Member=Component R11 11k
Added Member To Class: ClassName=STM32 Member=Component R12 10k
Added Member To Class: ClassName=STM32 Member=Component R13 10k
Added Member To Class: ClassName=STM32 Member=Component R14 1k
Added Member To Class: ClassName=STM32 Member=Component R15 100k
Added Member To Class: ClassName=STM32 Member=Component STLink1 JP4
Added Member To Class: ClassName=STM32 Member=Component STM32
Added Member To Class: ClassName=STM32 Member=Component SW1 SW
Added Member To Class: ClassName=Power Member=Component TLV1 LM1117- 5V
Added Member To Class: ClassName=STM32 Member=Component U1 CH340C
Added Member To Class: ClassName=STM32 Member=Component U2 Ra-02 LoRa
Added Member To Class: ClassName=STM32 Member=Component X1 32,768 Khz
Added Member To Class: ClassName=STM32 Member=Component Y1 8MHz
Added Room: Name=Power
Added Room: Name=STM32
