Removed Pin From Net: NetName=5V Pin=C23-2
Removed Pin From Net: NetName=11.1V Pin=J1-1
Removed Pin From Net: NetName=NetBAT1_2 Pin=J1-COM
Removed Pin From Net: NetName=5V Pin=U1-16
Added Component: Designator=D1(DIOM7959X265N)
Add component. Clean all parameters for all variants
Add component (AddParameter): Name = "Code - JEDEC"; Value = "DO-214-AB"; VariantName = "[No Variations]"
Add component (AddParameter): Name = "Published"; Value = "8-Jun-2000"; VariantName = "[No Variations]"
Add component (AddParameter): Name = "Publisher"; Value = "Altium Limited"; VariantName = "[No Variations]"
Add component (AddParameter): Name = "Revision"; Value = "July-2002: Re-released for DXP Platform."; VariantName = "[No Variations]"
Add component (AddParameter): Name = "Value"; Value = "1N5007"; VariantName = "[No Variations]"
Added Component: Designator=D2(DIOM7959X265N)
Add component. Clean all parameters for all variants
Add component (AddParameter): Name = "Code - JEDEC"; Value = "DO-214-AB"; VariantName = "[No Variations]"
Add component (AddParameter): Name = "Published"; Value = "8-Jun-2000"; VariantName = "[No Variations]"
Add component (AddParameter): Name = "Publisher"; Value = "Altium Limited"; VariantName = "[No Variations]"
Add component (AddParameter): Name = "Revision"; Value = "July-2002: Re-released for DXP Platform."; VariantName = "[No Variations]"
Add component (AddParameter): Name = "Value"; Value = "1N5007"; VariantName = "[No Variations]"
Added Component: Designator=JDC(DC-IN)
Add component. Clean all parameters for all variants
Add component (AddParameter): Name = "Value"; Value = "Jac DC"; VariantName = "[No Variations]"
Added Pin To Net: NetName=NetBAT1_2 Pin=C23-2
Added Pin To Net: NetName=GND Pin=JDC-2
Added Pin To Net: NetName=GND Pin=JDC-3
Added Pin To Net: NetName=NetBAT1_2 Pin=U1-16
Change Net Name : Old Net Name=NetBAT1_2 New Net Name=NetC23_2
Added Pin To Net: NetName=NetD2_1 Pin=J1-1
Added Net: Name=NetD2_1
Added Pin To Net: NetName=NetJ1_COM Pin=J1-COM
Added Pin To Net: NetName=NetJ1_COM Pin=JDC-1
Added Net: Name=NetJ1_COM
Added Member To Class: ClassName=STM32 Member=Component D1 Diode
Added Member To Class: ClassName=Power Member=Component D2 Diode
Added Member To Class: ClassName=Power Member=Component JDC Jac DC
Added Room: Name=Power
Added Room: Name=STM32
