Added Component: Designator=C15(SMA-ENDLAUNCH)
Add component. Clean all parameters for all variants
Add component (AddParameter): Name = "ComponentLink1Description"; Value = "Manufacturer"; VariantName = "[No Variations]"
Add component (AddParameter): Name = "ComponentLink1URL"; Value = "http://www.we-online.de"; VariantName = "[No Variations]"
Add component (AddParameter): Name = "ComponentLink2Description"; Value = "Datasheet"; VariantName = "[No Variations]"
Add component (AddParameter): Name = "ComponentLink2URL"; Value = "http://katalog.we-online.de/kataloge/eisos/index.php?language=en&pf=Filter_gerade"; VariantName = "[No Variations]"
Add component (AddParameter): Name = "Created by"; Value = "Christin Zierenner"; VariantName = "[No Variations]"
Add component (AddParameter): Name = "Created Date"; Value = "May 2012"; VariantName = "[No Variations]"
Add component (AddParameter): Name = "Manufacturer"; Value = "Würth Elektronik eiSos GmbH"; VariantName = "[No Variations]"
Add component (AddParameter): Name = "partNo"; Value = "210111003"; VariantName = "[No Variations]"
Added Component: Designator=J3(JP4x2)
Add component. Clean all parameters for all variants
Add component (AddParameter): Name = "Value"; Value = "Connector 4x2"; VariantName = "[No Variations]"
Added Component: Designator=U3(QTO-92)
Add component. Clean all parameters for all variants
Add component (AddParameter): Name = "Value"; Value = "LM35"; VariantName = "[No Variations]"
Added Pin To Net: NetName=3V3 Pin=J3-1
Added Pin To Net: NetName=PA0 Pin=J3-2
Added Pin To Net: NetName=UART2_TX Pin=J3-3
Added Pin To Net: NetName=UART2_RX Pin=J3-4
Added Pin To Net: NetName=GND Pin=J3-5
Added Pin To Net: NetName=PA6 Pin=J3-6
Added Pin To Net: NetName=PA7 Pin=J3-7
Added Pin To Net: NetName=PB0 Pin=J3-8
Added Pin To Net: NetName=5V Pin=U3-1
Added Pin To Net: NetName=PA5 Pin=U3-2
Added Pin To Net: NetName=GND Pin=U3-3
Change Net Name : Old Net Name=PA5 New Net Name=Lm35
Added Member To Class: ClassName=STM32 Member=Component C15 210111003
Added Member To Class: ClassName=STM32 Member=Component J3 Connector 4x2
Added Member To Class: ClassName=STM32 Member=Component U3 LM35
Added Room: Name=Power
Added Room: Name=STM32
