Change Component Footprint: Designator=C6 Old Footprint=CAP_0805 New Footprint=CAP_7343
Change Component Comment : Designator=C6 Old Comment=10uF New Comment=22uF/10V
Change component parameters: Designator = "C6"; Footprint = "CAP_7343"; UniqueID = "\USFZZMGH"
Change component parameters. Clean all parameters for all variants
Added Component: Designator=C7(CAP_0805)
Add component. Clean all parameters for all variants
Add component (AddParameter): Name = "LatestRevisionDate"; Value = "17-Jul-2002"; VariantName = "[No Variations]"
Add component (AddParameter): Name = "LatestRevisionNote"; Value = "Re-released for DXP Platform."; VariantName = "[No Variations]"
Add component (AddParameter): Name = "PackageReference"; Value = "RAD-0.3"; VariantName = "[No Variations]"
Add component (AddParameter): Name = "Published"; Value = "8-Jun-2000"; VariantName = "[No Variations]"
Add component (AddParameter): Name = "Publisher"; Value = "Altium Limited"; VariantName = "[No Variations]"
Add component (AddParameter): Name = "Value"; Value = "33p"; VariantName = "[No Variations]"
Added Component: Designator=C8(CAP_7343)
Add component. Clean all parameters for all variants
Added Pin To Net: NetName=5V Pin=C7-1
Added Pin To Net: NetName=GND Pin=C7-2
Added Pin To Net: NetName=3V3 Pin=C8-1
Added Pin To Net: NetName=GND Pin=C8-2
Added Member To Class: ClassName=ESP32 Member=Component C7 100nF
Added Member To Class: ClassName=ESP32 Member=Component C8 22uF/10V
Added Room: Name=ESP32
